<?xml version="1.0" encoding="UTF-8"?>
<!-- Generated by org.testng.reporters.JUnitReportReporter -->
<testsuite hostname="Viktors" name="se.nackademin.examination.examination_jacoco.ConversorTest" tests="4" failures="0" timestamp="20 Oct 2016 07:45:14 GMT" time="0.020" errors="0">
  <testcase name="testconversor4" time="0.017" classname="se.nackademin.examination.examination_jacoco.ConversorTest"/>
  <testcase name="testConversor3" time="0.001" classname="se.nackademin.examination.examination_jacoco.ConversorTest"/>
  <testcase name="testConversor2" time="0.001" classname="se.nackademin.examination.examination_jacoco.ConversorTest"/>
  <testcase name="testConversor" time="0.001" classname="se.nackademin.examination.examination_jacoco.ConversorTest"/>
</testsuite> <!-- se.nackademin.examination.examination_jacoco.ConversorTest -->
