<?xml version="1.0" encoding="UTF-8"?>
<!-- Generated by org.testng.reporters.JUnitReportReporter -->
<testsuite hostname="Viktors" name="se.nackademin.examination.examination_jacoco.DataAnalysisTest" tests="8" failures="0" timestamp="20 Oct 2016 07:45:14 GMT" time="0.022" errors="0">
  <testcase name="test6" time="0.002" classname="se.nackademin.examination.examination_jacoco.DataAnalysisTest"/>
  <testcase name="test8" time="0.003" classname="se.nackademin.examination.examination_jacoco.DataAnalysisTest"/>
  <testcase name="test1" time="0.012" classname="se.nackademin.examination.examination_jacoco.DataAnalysisTest"/>
  <testcase name="test5" time="0.001" classname="se.nackademin.examination.examination_jacoco.DataAnalysisTest"/>
  <testcase name="test4" time="0.001" classname="se.nackademin.examination.examination_jacoco.DataAnalysisTest"/>
  <testcase name="test2" time="0.001" classname="se.nackademin.examination.examination_jacoco.DataAnalysisTest"/>
  <testcase name="test3" time="0.001" classname="se.nackademin.examination.examination_jacoco.DataAnalysisTest"/>
  <testcase name="test7" time="0.001" classname="se.nackademin.examination.examination_jacoco.DataAnalysisTest"/>
</testsuite> <!-- se.nackademin.examination.examination_jacoco.DataAnalysisTest -->
