<?xml version="1.0" encoding="UTF-8"?>
<!-- Generated by org.testng.reporters.JUnitReportReporter -->
<testsuite hostname="Viktors" name="se.nackademin.examination.examination_jacoco.GameTest" tests="24" failures="0" timestamp="20 Oct 2016 07:45:14 GMT" time="0.034" errors="0">
  <testcase name="testMethod7" time="0.002" classname="se.nackademin.examination.examination_jacoco.GameTest"/>
  <testcase name="testMethod20" time="0.002" classname="se.nackademin.examination.examination_jacoco.GameTest"/>
  <testcase name="testMethod3" time="0.001" classname="se.nackademin.examination.examination_jacoco.GameTest"/>
  <testcase name="testMethod13" time="0.001" classname="se.nackademin.examination.examination_jacoco.GameTest"/>
  <testcase name="testMethod18" time="0.001" classname="se.nackademin.examination.examination_jacoco.GameTest"/>
  <testcase name="testMethod15" time="0.001" classname="se.nackademin.examination.examination_jacoco.GameTest"/>
  <testcase name="testMethod1" time="0.001" classname="se.nackademin.examination.examination_jacoco.GameTest"/>
  <testcase name="testMethod24" time="0.005" classname="se.nackademin.examination.examination_jacoco.GameTest"/>
  <testcase name="testMethod2" time="0.001" classname="se.nackademin.examination.examination_jacoco.GameTest"/>
  <testcase name="testMethod8" time="0.001" classname="se.nackademin.examination.examination_jacoco.GameTest"/>
  <testcase name="testMethod22" time="0.007" classname="se.nackademin.examination.examination_jacoco.GameTest"/>
  <testcase name="testMethod10" time="0.000" classname="se.nackademin.examination.examination_jacoco.GameTest"/>
  <testcase name="testMethod23" time="0.002" classname="se.nackademin.examination.examination_jacoco.GameTest"/>
  <testcase name="testMethod4" time="0.000" classname="se.nackademin.examination.examination_jacoco.GameTest"/>
  <testcase name="testMethod19" time="0.001" classname="se.nackademin.examination.examination_jacoco.GameTest"/>
  <testcase name="testMethod5" time="0.001" classname="se.nackademin.examination.examination_jacoco.GameTest"/>
  <testcase name="testMethod16" time="0.003" classname="se.nackademin.examination.examination_jacoco.GameTest"/>
  <testcase name="testMethod12" time="0.001" classname="se.nackademin.examination.examination_jacoco.GameTest"/>
  <testcase name="testMethod11" time="0.001" classname="se.nackademin.examination.examination_jacoco.GameTest"/>
  <testcase name="testMethod14" time="0.000" classname="se.nackademin.examination.examination_jacoco.GameTest"/>
  <testcase name="testMethod21" time="0.001" classname="se.nackademin.examination.examination_jacoco.GameTest"/>
  <testcase name="testMethod17" time="0.001" classname="se.nackademin.examination.examination_jacoco.GameTest"/>
  <testcase name="testMethod6" time="0.000" classname="se.nackademin.examination.examination_jacoco.GameTest"/>
  <testcase name="testMethod9" time="0.000" classname="se.nackademin.examination.examination_jacoco.GameTest"/>
</testsuite> <!-- se.nackademin.examination.examination_jacoco.GameTest -->
